New log file opened at Sat Jul 15 22:03:00 AEST 2017 by 77301@WalidMac
jvm 77301@WalidMac
jvm vmName=Java HotSpot(TM) 64-Bit Server VM vmVendor=Oracle Corporation vmVersion=25.92-b14
jvm specName=Java Virtual Machine Specification specVendor=Oracle Corporation specVersion=1.8
jvm arguments: [-Xms256m, -Xmx1024m, -XX:MetaspaceSize=64m, -XX:MaxMetaspaceSize=256m]
Starting event engine
Starting sbt command engine
Waiting for sbt command engine
Command engine arguments=List()
Command engine baseDirectory=/Users/walid/akka/akkademy-db
Command engine initial remaining commands List(--initialize, onFailure load-failed, boot, server-send-ready-for-request, server-handle-next-server-request)
> --initialize
> initialize
> onFailure load-failed
> boot
> reload
[Loading] Scanning directory /Users/walid/.sbt/0.13/plugins
[Loading] Found non-root projects 
[Loading] Done in /Users/walid/.sbt/0.13/plugins, returning: ()
deducing auto plugins based on known facts Set(Atom(sbt.plugins.CorePlugin)) and clauses Clauses(List(Clause(Atom(sbt.plugins.JvmPlugin),Set(Atom(sbt.plugins.IvyPlugin))), Clause(Atom(sbt.plugins.JUnitXmlReportPlugin),Set(Atom(sbt.plugins.JvmPlugin))), Clause(Atom(sbt.plugins.CorePlugin),Set(Atom(sbt.plugins.IvyPlugin))), Clause(Atom(sbt.plugins.IvyPlugin),Set(Atom(sbt.plugins.JvmPlugin))), Clause(Atom(sbt.plugins.JvmPlugin),Set(Atom(sbt.plugins.JUnitXmlReportPlugin)))))
  :: deduced result: Matched(sbt.plugins.CorePlugin,sbt.plugins.IvyPlugin,sbt.plugins.JvmPlugin,sbt.plugins.JUnitXmlReportPlugin)
sorting: ns: List(sbt.plugins.CorePlugin, sbt.plugins.IvyPlugin, sbt.plugins.JvmPlugin, sbt.plugins.JUnitXmlReportPlugin)
  :: sorting:: found: List(sbt.plugins.CorePlugin) not found List(sbt.plugins.IvyPlugin, sbt.plugins.JvmPlugin, sbt.plugins.JUnitXmlReportPlugin)
  :: sorting:: found: List(sbt.plugins.CorePlugin, sbt.plugins.IvyPlugin) not found List(sbt.plugins.JvmPlugin, sbt.plugins.JUnitXmlReportPlugin)
  :: sorting:: found: List(sbt.plugins.CorePlugin, sbt.plugins.IvyPlugin, sbt.plugins.JvmPlugin) not found List(sbt.plugins.JUnitXmlReportPlugin)
  :: sorting:: found: List(sbt.plugins.CorePlugin, sbt.plugins.IvyPlugin, sbt.plugins.JvmPlugin, sbt.plugins.JUnitXmlReportPlugin) not found List()
  :: sorted deduced result: List(sbt.plugins.CorePlugin, sbt.plugins.IvyPlugin, sbt.plugins.JvmPlugin, sbt.plugins.JUnitXmlReportPlugin)
[Loading] Done in /Users/walid/.sbt/0.13/plugins, returning: (global-plugins)
Loading global plugins from /Users/walid/.sbt/0.13/plugins
Running task... Cancel: sbt.TaskCancellationStrategy$Null$@3ce0e859, check cycles: false

Initial source changes: 
	removed:Set()
	added: Set()
	modified: Set()
Removed products: Set()
External API changes: API Changes: Set()
Modified binary dependencies: Set()
Initial directly invalidated sources: Set()

Sources indirectly invalidated by:
	product: Set()
	binary dep: Set()
	external source: Set()
All initially invalidated sources: Set()

Copy resource mappings: 
	
Other repositories:
Default repositories:
Waiting for lock on /Users/walid/.ivy2/.sbt.ivy.lock to be available...
Using inline dependencies specified in Scala.
[Loading] Scanning directory /Users/walid/akka/akkademy-db/project
[Loading] Found non-root projects 
[Loading] Done in /Users/walid/akka/akkademy-db/project, returning: ()
deducing auto plugins based on known facts Set(Atom(sbt.plugins.CorePlugin)) and clauses Clauses(List(Clause(Atom(sbt.plugins.JvmPlugin),Set(Atom(sbt.plugins.IvyPlugin))), Clause(Atom(sbt.plugins.JUnitXmlReportPlugin),Set(Atom(sbt.plugins.JvmPlugin))), Clause(Atom(sbt.plugins.CorePlugin),Set(Atom(sbt.plugins.IvyPlugin))), Clause(Atom(sbt.plugins.IvyPlugin),Set(Atom(sbt.plugins.JvmPlugin))), Clause(Atom(sbt.plugins.JvmPlugin),Set(Atom(sbt.plugins.JUnitXmlReportPlugin)))))
  :: deduced result: Matched(sbt.plugins.CorePlugin,sbt.plugins.IvyPlugin,sbt.plugins.JvmPlugin,sbt.plugins.JUnitXmlReportPlugin)
sorting: ns: List(sbt.plugins.CorePlugin, sbt.plugins.IvyPlugin, sbt.plugins.JvmPlugin, sbt.plugins.JUnitXmlReportPlugin)
  :: sorting:: found: List(sbt.plugins.CorePlugin) not found List(sbt.plugins.IvyPlugin, sbt.plugins.JvmPlugin, sbt.plugins.JUnitXmlReportPlugin)
  :: sorting:: found: List(sbt.plugins.CorePlugin, sbt.plugins.IvyPlugin) not found List(sbt.plugins.JvmPlugin, sbt.plugins.JUnitXmlReportPlugin)
  :: sorting:: found: List(sbt.plugins.CorePlugin, sbt.plugins.IvyPlugin, sbt.plugins.JvmPlugin) not found List(sbt.plugins.JUnitXmlReportPlugin)
  :: sorting:: found: List(sbt.plugins.CorePlugin, sbt.plugins.IvyPlugin, sbt.plugins.JvmPlugin, sbt.plugins.JUnitXmlReportPlugin) not found List()
  :: sorted deduced result: List(sbt.plugins.CorePlugin, sbt.plugins.IvyPlugin, sbt.plugins.JvmPlugin, sbt.plugins.JUnitXmlReportPlugin)
[Loading] Done in /Users/walid/akka/akkademy-db/project, returning: (akkademy-db-build)
Loading project definition from /Users/walid/akka/akkademy-db/project
Running task... Cancel: sbt.TaskCancellationStrategy$Null$@3ce0e859, check cycles: false

Initial source changes: 
	removed:Set()
	added: Set()
	modified: Set()
Removed products: Set()
External API changes: API Changes: Set()
Modified binary dependencies: Set()
Initial directly invalidated sources: Set()

Sources indirectly invalidated by:
	product: Set()
	binary dep: Set()
	external source: Set()
All initially invalidated sources: Set()

Copy resource mappings: 
	
[Loading] Scanning directory /Users/walid/akka/akkademy-db
[Loading] Found non-root projects 
[Loading] Done in /Users/walid/akka/akkademy-db, returning: ()
deducing auto plugins based on known facts Set(Atom(sbt.plugins.CorePlugin)) and clauses Clauses(List(Clause(Atom(sbt.plugins.JvmPlugin),Set(Atom(sbt.plugins.IvyPlugin))), Clause(Atom(sbt.plugins.JUnitXmlReportPlugin),Set(Atom(sbt.plugins.JvmPlugin))), Clause(Atom(sbt.plugins.BackgroundRunPlugin),Set(Atom(sbt.plugins.JvmPlugin))), Clause(Atom(sbt.plugins.CorePlugin),Set(Atom(sbt.plugins.IvyPlugin))), Clause(Atom(sbt.plugins.IvyPlugin),Set(Atom(sbt.plugins.JvmPlugin))), Clause(Atom(sbt.plugins.JvmPlugin),Set(Atom(sbt.plugins.JUnitXmlReportPlugin))), Clause(Atom(sbt.plugins.JvmPlugin),Set(Atom(sbt.plugins.BackgroundRunPlugin))), Clause(Atom(sbt.plugins.CorePlugin),Set(Atom(sbt.plugins.InteractionServicePlugin))), Clause(Atom(sbt.plugins.CorePlugin),Set(Atom(sbt.plugins.SendEventServicePlugin))), Clause(Atom(sbt.plugins.CorePlugin),Set(Atom(sbt.plugins.SerializersPlugin)))))
  :: deduced result: Matched(sbt.plugins.CorePlugin,sbt.plugins.SerializersPlugin,sbt.plugins.SendEventServicePlugin,sbt.plugins.InteractionServicePlugin,sbt.plugins.IvyPlugin,sbt.plugins.JvmPlugin,sbt.plugins.BackgroundRunPlugin,sbt.plugins.JUnitXmlReportPlugin)
sorting: ns: List(sbt.plugins.CorePlugin, sbt.plugins.SerializersPlugin, sbt.plugins.SendEventServicePlugin, sbt.plugins.InteractionServicePlugin, sbt.plugins.IvyPlugin, sbt.plugins.JvmPlugin, sbt.plugins.BackgroundRunPlugin, sbt.plugins.JUnitXmlReportPlugin)
  :: sorting:: found: List(sbt.plugins.CorePlugin) not found List(sbt.plugins.SerializersPlugin, sbt.plugins.SendEventServicePlugin, sbt.plugins.InteractionServicePlugin, sbt.plugins.IvyPlugin, sbt.plugins.JvmPlugin, sbt.plugins.BackgroundRunPlugin, sbt.plugins.JUnitXmlReportPlugin)
  :: sorting:: found: List(sbt.plugins.CorePlugin, sbt.plugins.SerializersPlugin, sbt.plugins.SendEventServicePlugin, sbt.plugins.InteractionServicePlugin, sbt.plugins.IvyPlugin) not found List(sbt.plugins.JvmPlugin, sbt.plugins.BackgroundRunPlugin, sbt.plugins.JUnitXmlReportPlugin)
  :: sorting:: found: List(sbt.plugins.CorePlugin, sbt.plugins.SerializersPlugin, sbt.plugins.SendEventServicePlugin, sbt.plugins.InteractionServicePlugin, sbt.plugins.IvyPlugin, sbt.plugins.JvmPlugin) not found List(sbt.plugins.BackgroundRunPlugin, sbt.plugins.JUnitXmlReportPlugin)
  :: sorting:: found: List(sbt.plugins.CorePlugin, sbt.plugins.SerializersPlugin, sbt.plugins.SendEventServicePlugin, sbt.plugins.InteractionServicePlugin, sbt.plugins.IvyPlugin, sbt.plugins.JvmPlugin, sbt.plugins.BackgroundRunPlugin, sbt.plugins.JUnitXmlReportPlugin) not found List()
  :: sorted deduced result: List(sbt.plugins.CorePlugin, sbt.plugins.SerializersPlugin, sbt.plugins.SendEventServicePlugin, sbt.plugins.InteractionServicePlugin, sbt.plugins.IvyPlugin, sbt.plugins.JvmPlugin, sbt.plugins.BackgroundRunPlugin, sbt.plugins.JUnitXmlReportPlugin)
[Loading] Done in /Users/walid/akka/akkademy-db, returning: (akkademy-db)
Set current project to akkademy-db (in build file:/Users/walid/akka/akkademy-db/)
Reapplying settings...
Set current project to akkademy-db (in build file:/Users/walid/akka/akkademy-db/)
> iflast shell
> server-send-ready-for-request
> server-handle-next-server-request
> {file:/Users/walid/akka/akkademy-db/}akkademy-db/compile:discoveredMainClasses
Evaluating tasks: compile:discoveredMainClasses
Running task... Cancel: sbt.server.ServerTaskCancellation@f727aa3, check cycles: false

Initial source changes: 
	removed:Set()
	added: Set()
	modified: Set()
Removed products: Set()
External API changes: API Changes: Set()
Modified binary dependencies: Set()
Initial directly invalidated sources: Set()

Sources indirectly invalidated by:
	product: Set()
	binary dep: Set()
	external source: Set()
All initially invalidated sources: Set()

Total time: 0 s, completed 15/07/2017 10:03:18 PM
> server-post-command-cleanup
> server-handle-next-server-request
> {file:/Users/walid/akka/akkademy-db/}akkademy-db/compile:mainClass
Evaluating tasks: compile:mainClass
Running task... Cancel: sbt.server.ServerTaskCancellation@17eb0ac1, check cycles: false

Initial source changes: 
	removed:Set()
	added: Set()
	modified: Set()
Removed products: Set()
External API changes: API Changes: Set()
Modified binary dependencies: Set()
Initial directly invalidated sources: Set()

Sources indirectly invalidated by:
	product: Set()
	binary dep: Set()
	external source: Set()
All initially invalidated sources: Set()

Total time: 0 s, completed 15/07/2017 10:03:19 PM
> server-post-command-cleanup
> server-handle-next-server-request
> {file:/Users/walid/akka/akkademy-db/}akkademy-db/compile:discoveredMainClasses
Evaluating tasks: compile:discoveredMainClasses
Running task... Cancel: sbt.server.ServerTaskCancellation@62ce58b8, check cycles: false

Initial source changes: 
	removed:Set()
	added: Set()
	modified: Set()
Removed products: Set()
External API changes: API Changes: Set()
Modified binary dependencies: Set()
Initial directly invalidated sources: Set()

Sources indirectly invalidated by:
	product: Set()
	binary dep: Set()
	external source: Set()
All initially invalidated sources: Set()

Total time: 0 s, completed 15/07/2017 10:03:19 PM
> server-post-command-cleanup
> server-handle-next-server-request
> {file:/Users/walid/akka/akkademy-db/}akkademy-db/compile:mainClass
Evaluating tasks: compile:mainClass
Running task... Cancel: sbt.server.ServerTaskCancellation@592cd31f, check cycles: false

Initial source changes: 
	removed:Set()
	added: Set()
	modified: Set()
Removed products: Set()
External API changes: API Changes: Set()
Modified binary dependencies: Set()
Initial directly invalidated sources: Set()

Sources indirectly invalidated by:
	product: Set()
	binary dep: Set()
	external source: Set()
All initially invalidated sources: Set()

Total time: 0 s, completed 15/07/2017 10:03:19 PM
> server-post-command-cleanup
> server-handle-next-server-request
> compile
Evaluating tasks: compile:compile
Running task... Cancel: sbt.server.ServerTaskCancellation@3f3c4f83, check cycles: false

Initial source changes: 
	removed:Set()
	added: Set()
	modified: Set()
Removed products: Set()
External API changes: API Changes: Set()
Modified binary dependencies: Set()
Initial directly invalidated sources: Set()

Sources indirectly invalidated by:
	product: Set()
	binary dep: Set()
	external source: Set()
All initially invalidated sources: Set()

Total time: 0 s, completed 15/07/2017 10:05:43 PM
> server-post-command-cleanup
> server-handle-next-server-request
> compile
Evaluating tasks: compile:compile
Running task... Cancel: sbt.server.ServerTaskCancellation@62737e22, check cycles: false

Initial source changes: 
	removed:Set()
	added: Set()
	modified: Set(/Users/walid/akka/akkademy-db/src/main/java/com/akkademy/AkkademyDb.java)
Removed products: Set(/Users/walid/akka/akkademy-db/target/scala-2.11/classes/com/akkademy/AkkademyDb.class, /Users/walid/akka/akkademy-db/target/scala-2.11/classes/com/akkademy/messages/SetRequest.class, /Users/walid/akka/akkademy-db/target/scala-2.11/classes/com/example/Hello.class)
External API changes: API Changes: Set()
Modified binary dependencies: Set()
Initial directly invalidated sources: Set(/Users/walid/akka/akkademy-db/src/main/java/com/akkademy/AkkademyDb.java)

Sources indirectly invalidated by:
	product: Set(/Users/walid/akka/akkademy-db/src/main/java/com/akkademy/AkkademyDb.java, /Users/walid/akka/akkademy-db/src/main/java/com/akkademy/messages/SetRequest.java, /Users/walid/akka/akkademy-db/src/main/java/com/example/Hello.java)
	binary dep: Set()
	external source: Set()
All initially invalidated sources: Set(/Users/walid/akka/akkademy-db/src/main/java/com/akkademy/AkkademyDb.java, /Users/walid/akka/akkademy-db/src/main/java/com/akkademy/messages/SetRequest.java, /Users/walid/akka/akkademy-db/src/main/java/com/example/Hello.java)

Recompiling all 3 sources: invalidated sources (3) exceeded 50.0% of all sources
Read from stdout: Compiling 3 Java sources to /Users/walid/akka/akkademy-db/target/scala-2.11/classes...
Compiling 3 Java sources to /Users/walid/akka/akkademy-db/target/scala-2.11/classes...
Attempting to call com.sun.tools.javac.api.JavacTool@1e4ce7df directly...
Java compilation took 0.863779194 s
Java analysis took 0.151823171 s
Java compile + analysis took 1.023254025 s
New invalidations:
	Set()
Initial set of included nodes: Set()
Previously invalidated, but (transitively) depend on new invalidations:
	Set()
All newly invalidated sources after taking into account (previously) recompiled sources:Set()
Total time: 1 s, completed 15/07/2017 10:09:42 PM
> server-post-command-cleanup
> server-handle-next-server-request
> compile
Evaluating tasks: compile:compile
Running task... Cancel: sbt.server.ServerTaskCancellation@7ab341dc, check cycles: false

Initial source changes: 
	removed:Set()
	added: Set()
	modified: Set(/Users/walid/akka/akkademy-db/src/main/java/com/akkademy/AkkademyDb.java)
Removed products: Set(/Users/walid/akka/akkademy-db/target/scala-2.11/classes/com/akkademy/AkkademyDb.class)
External API changes: API Changes: Set()
Modified binary dependencies: Set()
Initial directly invalidated sources: Set(/Users/walid/akka/akkademy-db/src/main/java/com/akkademy/AkkademyDb.java)

Sources indirectly invalidated by:
	product: Set(/Users/walid/akka/akkademy-db/src/main/java/com/akkademy/AkkademyDb.java)
	binary dep: Set()
	external source: Set()
All initially invalidated sources: Set(/Users/walid/akka/akkademy-db/src/main/java/com/akkademy/AkkademyDb.java)

Read from stdout: Compiling 1 Java source to /Users/walid/akka/akkademy-db/target/scala-2.11/classes...
Compiling 1 Java source to /Users/walid/akka/akkademy-db/target/scala-2.11/classes...
Attempting to call com.sun.tools.javac.api.JavacTool@26f142fa directly...
Java compilation took 0.083226332 s
Java analysis took 0.03166527 s
Java compile + analysis took 0.11689229 s
New invalidations:
	Set()
Initial set of included nodes: Set()
Previously invalidated, but (transitively) depend on new invalidations:
	Set()
All newly invalidated sources after taking into account (previously) recompiled sources:Set()
Total time: 0 s, completed 15/07/2017 10:10:20 PM
> server-post-command-cleanup
> server-handle-next-server-request
> compile
Evaluating tasks: compile:compile
Running task... Cancel: sbt.server.ServerTaskCancellation@3a3c81bc, check cycles: false

Initial source changes: 
	removed:Set()
	added: Set()
	modified: Set(/Users/walid/akka/akkademy-db/src/main/java/com/akkademy/AkkademyDb.java)
Removed products: Set(/Users/walid/akka/akkademy-db/target/scala-2.11/classes/com/akkademy/AkkademyDb.class)
External API changes: API Changes: Set()
Modified binary dependencies: Set()
Initial directly invalidated sources: Set(/Users/walid/akka/akkademy-db/src/main/java/com/akkademy/AkkademyDb.java)

Sources indirectly invalidated by:
	product: Set(/Users/walid/akka/akkademy-db/src/main/java/com/akkademy/AkkademyDb.java)
	binary dep: Set()
	external source: Set()
All initially invalidated sources: Set(/Users/walid/akka/akkademy-db/src/main/java/com/akkademy/AkkademyDb.java)

Read from stdout: Compiling 1 Java source to /Users/walid/akka/akkademy-db/target/scala-2.11/classes...
Compiling 1 Java source to /Users/walid/akka/akkademy-db/target/scala-2.11/classes...
Attempting to call com.sun.tools.javac.api.JavacTool@1f528726 directly...
Java compilation took 0.081791928 s
Java analysis took 0.023022261 s
Java compile + analysis took 0.112535127 s
New invalidations:
	Set()
Initial set of included nodes: Set()
Previously invalidated, but (transitively) depend on new invalidations:
	Set()
All newly invalidated sources after taking into account (previously) recompiled sources:Set()
Total time: 0 s, completed 15/07/2017 10:11:46 PM
> server-post-command-cleanup
> server-handle-next-server-request
> compile
Evaluating tasks: compile:compile
Running task... Cancel: sbt.server.ServerTaskCancellation@454fd55e, check cycles: false

Initial source changes: 
	removed:Set()
	added: Set()
	modified: Set(/Users/walid/akka/akkademy-db/src/main/java/com/akkademy/AkkademyDb.java)
Removed products: Set(/Users/walid/akka/akkademy-db/target/scala-2.11/classes/com/akkademy/AkkademyDb.class)
External API changes: API Changes: Set()
Modified binary dependencies: Set()
Initial directly invalidated sources: Set(/Users/walid/akka/akkademy-db/src/main/java/com/akkademy/AkkademyDb.java)

Sources indirectly invalidated by:
	product: Set(/Users/walid/akka/akkademy-db/src/main/java/com/akkademy/AkkademyDb.java)
	binary dep: Set()
	external source: Set()
All initially invalidated sources: Set(/Users/walid/akka/akkademy-db/src/main/java/com/akkademy/AkkademyDb.java)

Read from stdout: Compiling 1 Java source to /Users/walid/akka/akkademy-db/target/scala-2.11/classes...
Compiling 1 Java source to /Users/walid/akka/akkademy-db/target/scala-2.11/classes...
Attempting to call com.sun.tools.javac.api.JavacTool@8537925 directly...
Java compilation took 0.054427734 s
Java analysis took 0.028318381 s
Java compile + analysis took 0.085341189 s
New invalidations:
	Set()
Initial set of included nodes: Set()
Previously invalidated, but (transitively) depend on new invalidations:
	Set()
All newly invalidated sources after taking into account (previously) recompiled sources:Set()
Total time: 0 s, completed 15/07/2017 10:12:16 PM
> server-post-command-cleanup
> server-handle-next-server-request
